<?xml version="1.0" encoding="UTF-8"?>
<!-- Generated by org.testng.reporters.JUnitXMLReporter -->
<testsuite hostname="PRGDV003-FOR01" ignored="0" name="Command line test" tests="1" failures="1" timestamp="08 janv. 2019 15:53:31 GMT" time="8.726" errors="0">
  <testcase name="test" time="0.442" classname="proBook.NewTest">
    <failure type="java.lang.AssertionError" message="expected [Fil d&amp;apos;actualités - ProBook] but found [Dashboard - ProBook]">
      <![CDATA[java.lang.AssertionError: expected [Fil d'actualités - ProBook] but found [Dashboard - ProBook]
at proBook.NewTest.test(NewTest.java:42)
... Removed 40 stack frames]]>
    </failure>
  </testcase> <!-- test -->
</testsuite> <!-- Command line test -->
