<?xml version="1.0" encoding="UTF-8" ?>
<testsuite tests="1" failures="1" name="proBook.NewTest" time="0.77" errors="0" skipped="0">
  <properties>
[...]
</properties>
  <testcase classname="proBook.NewTest" name="test" time="0.77">
    <failure message="expected [Fil d&apos;actualités - ProBook] but found [Dashboard - ProBook]" type="java.lang.AssertionError">java.lang.AssertionError: expected [Fil d&apos;actualités - ProBook] but found [Dashboard - ProBook]
	at org.testng.Assert.fail(Assert.java:96)
	at org.testng.Assert.failNotEquals(Assert.java:776)
	at org.testng.Assert.assertEqualsImpl(Assert.java:137)
	at org.testng.Assert.assertEquals(Assert.java:118)
	at org.testng.Assert.assertEquals(Assert.java:453)
	at org.testng.Assert.assertEquals(Assert.java:463)
	at proBook.NewTest.test(NewTest.java:42)
</failure>
    <system-out>Configuring TestNG with: org.apache.maven.surefire.testng.conf.TestNG652Configurator@5eb5c224
</system-out>
    <system-err>1546962803318	mozrunner::runner	INFO	Running command: &quot;/usr/lib/firefox/firefox&quot; &quot;-marionette&quot; &quot;-foreground&quot; &quot;-no-remote&quot; &quot;-profile&quot; &quot;/tmp/rust_mozprofile.uIj9tMdKuxxB&quot;
1546962803879	addons.webextension.screenshots@mozilla.org	WARN	Loading extension &apos;screenshots@mozilla.org&apos;: Reading manifest: Invalid host permission: resource://pdf.js/
1546962803884	addons.webextension.screenshots@mozilla.org	WARN	Loading extension &apos;screenshots@mozilla.org&apos;: Reading manifest: Invalid host permission: about:reader*
1546962806086	Marionette	INFO	Listening on port 45703
1546962806166	Marionette	WARN	TLS certificate errors will be ignored for this session
janv. 08, 2019 3:53:26 PM org.openqa.selenium.remote.ProtocolHandshake createSession
INFOS: Detected dialect: W3C
</system-err>
  </testcase>
</testsuite>